00:30:59 : Group: [RWO] Max Wood: 36000
00:31:40 : Group: [RWO] Max Wood: 36000
00:31:57 : Group: [RWO] Black Wood: 2$ moi
00:55:31 : Direct: [R] Tadashi Alcatraz: bonjour
01:08:11 : Group: [RWO] Jesus Wood: PLANQUE N1
01:08:58 : Group: [RWO] Bakary Wood: ENTRE DP12 ET PLANQUE 1
01:09:29 : Group: [RWO] Jesus Wood: ouai a la station essence
01:25:06 : Group: [RWO] BaskiA Wood: LES GARS deco de tongtong on attend le retour sur zone de daril et on reppart
01:49:37 : Direct: Bill Hammer: Alecident mdr
04:23:59 : Group: [RWO] poups Wood: daryl tu a de la bouffe
04:24:09 : Group: [RWO] poups Wood: ??
10:19:24 : Direct: Sunset-Coco: Oh mon dieu, un terroriste !
10:30:27 : Direct: Mathias Grange: Merci :)
11:45:06 : Group: Darylz wood: LOCK PICK OU PQS m
12:23:15 : Direct: Mathias Grange: c'est pas à moi
12:23:47 : Direct: Mathias Grange: J'ai dit c'est pas a moi putain de no rp
13:03:48 : Direct: Lucky Luciano: Je legue tout ce que j'ai de précieux a mon tonton mohammed
14:17:09 : Direct: Mathias Grange: Il est ou mon véhicule ?
14:17:21 : Direct: Mathias Grange: hein ?
14:19:33 : Direct: Mathias Grange: SALE CON
15:51:26 : Vehicle: Melvin Boliakov: pEUX PAS PARLER D2POSE SUR KAVALA
