00:28:58 : Vehicle: Jesse Gambino: /62.210.83.180
02:13:57 : Group: George Marshall: le pistol' est un tazer ?
02:32:04 : Vehicle: George Marshall: Ok, je suis au courant merci :)
02:32:36 : Vehicle: George Marshall: need money :p
02:40:45 : Vehicle: George Marshall: aprem :D
02:41:16 : Vehicle: George Marshall: je suis désoler, j'aurais bien voulu parler :'(
02:42:46 : Vehicle: George Marshall: pareil.
02:44:25 : Vehicle: George Marshall: a mon avis c'est les mecs qui ont agresser 
02:44:29 : Vehicle: George Marshall: l'autre civil..
02:44:38 : Vehicle: George Marshall: tahoe
02:53:44 : Group: George Marshall: à tout 
02:54:24 : Group: George Marshall: à toute les unités, l'homme qui ma écraser roule en pick up blanc - terminer.
02:16:31 : Direct: Nerged Gambino: je dois déco
11:33:37 : Direct: Maxime: OUVRET moi ptn
13:15:02 : Group: yoyofri: .
14:03:32 : Direct: Jackson Naomi: 62.210.83.180
14:12:26 : Group: Bill Hammer: j'entend rien -> musique
15:36:00 : Vehicle: Survivor: S'il vous plaît 
17:41:33 : Direct: Jackson Naomi: car shop
18:17:00 : Vehicle: Pandax Mortier: chui o tel
18:17:09 : Vehicle: Pandax Mortier: 2sec
19:46:15 : Direct: Sunset-Coco: !
19:46:29 : Direct: Sunset-Coco: Fallait pas dire x)
19:46:41 : Direct: Sunset-Coco: Imagine ils vont nous attendre la bas
19:52:07 : Direct: kiralefaucheur: c'est irezor
19:52:22 : Direct: kiralefaucheur: jackson ?
19:52:43 : Direct: Sunset-Coco: I don't know
19:52:48 : Direct: Sunset-Coco: Je crois pas
19:52:55 : Direct: Sunset-Coco: Je ne sais pas*
19:52:55 : Direct: kiralefaucheur: c'est la meme voie mec
19:53:02 : Direct: Sunset-Coco: Pas sur
19:53:13 : Direct: kiralefaucheur: je suis sur
19:53:24 : Direct: Sunset-Coco: Test
19:53:47 : Direct: Sunset-Coco: Mdrrrrrrr test positif x)
19:54:06 : Direct: Sunset-Coco: "Eh rezoor !" "Hein?"
20:00:40 : Direct: Sunset-Coco: Tg et farm :D <3
20:01:04 : Direct: Sunset-Coco: Love :D <3
20:08:42 : Group: Pandax Mortier: ?
