10:37:02 : Admin file contains a error. guid tag is not correct, Location id=0
﻿10:37:02 : Config Error : BeCustomBanFiles : Bans1.txt is not a valid file!
﻿10:37:02 : Config Error : BeCustomBanFiles : file2.txt is not a valid file!
﻿10:37:02 : Config Error : BeCustomBanFiles : file3.txt is not a valid file!
﻿10:37:02 : Config Error : BeCustomBanFiles has no valid files defined!
﻿11:12:45 : Admin file contains a error. guid tag is not correct, Location id=0
﻿11:12:45 : Config Error : BeCustomBanFiles : Bans1.txt is not a valid file!
﻿11:12:45 : Config Error : BeCustomBanFiles : file2.txt is not a valid file!
﻿11:12:45 : Config Error : BeCustomBanFiles : file3.txt is not a valid file!
﻿11:12:45 : Config Error : BeCustomBanFiles has no valid files defined!
﻿11:19:27 : Admin file contains a error. guid tag is not correct, Location id=0
﻿11:19:27 : Config Error : BeCustomBanFiles : Bans1.txt is not a valid file!
﻿11:19:27 : Config Error : BeCustomBanFiles : file2.txt is not a valid file!
﻿11:19:27 : Config Error : BeCustomBanFiles : file3.txt is not a valid file!
﻿11:19:27 : Config Error : BeCustomBanFiles has no valid files defined!
﻿12:07:07 : Admin file contains a error. guid tag is not correct, Location id=0
﻿12:07:07 : Config Error : BeCustomBanFiles : Bans1.txt is not a valid file!
﻿12:07:07 : Config Error : BeCustomBanFiles : file2.txt is not a valid file!
﻿12:07:07 : Config Error : BeCustomBanFiles : file3.txt is not a valid file!
﻿12:07:07 : Config Error : BeCustomBanFiles has no valid files defined!
﻿13:00:27 : Admin file contains a error. guid tag is not correct, Location id=0
﻿13:00:27 : Config Error : BeCustomBanFiles : Bans1.txt is not a valid file!
﻿13:00:27 : Config Error : BeCustomBanFiles : file2.txt is not a valid file!
﻿13:00:27 : Config Error : BeCustomBanFiles : file3.txt is not a valid file!
﻿13:00:27 : Config Error : BeCustomBanFiles has no valid files defined!
﻿14:03:27 : Admin file contains a error. guid tag is not correct, Location id=0
﻿14:03:27 : Config Error : BeCustomBanFiles : Bans1.txt is not a valid file!
﻿14:03:27 : Config Error : BeCustomBanFiles : file2.txt is not a valid file!
﻿14:03:27 : Config Error : BeCustomBanFiles : file3.txt is not a valid file!
﻿14:03:27 : Config Error : BeCustomBanFiles has no valid files defined!
﻿15:36:16 : Admin file contains a error. guid tag is not correct, Location id=0
﻿15:36:16 : Config Error : BeCustomBanFiles : Bans1.txt is not a valid file!
﻿15:36:16 : Config Error : BeCustomBanFiles : file2.txt is not a valid file!
﻿15:36:16 : Config Error : BeCustomBanFiles : file3.txt is not a valid file!
﻿15:36:16 : Config Error : BeCustomBanFiles has no valid files defined!
﻿15:52:14 : Admin file contains a error. guid tag is not correct, Location id=0
﻿15:52:14 : Config Error : BeCustomBanFiles : Bans1.txt is not a valid file!
﻿15:52:14 : Config Error : BeCustomBanFiles : file2.txt is not a valid file!
﻿15:52:14 : Config Error : BeCustomBanFiles : file3.txt is not a valid file!
﻿15:52:14 : Config Error : BeCustomBanFiles has no valid files defined!
﻿15:56:27 : Admin file contains a error. guid tag is not correct, Location id=0
﻿15:56:27 : Config Error : BeCustomBanFiles : Bans1.txt is not a valid file!
﻿15:56:27 : Config Error : BeCustomBanFiles : file2.txt is not a valid file!
﻿15:56:27 : Config Error : BeCustomBanFiles : file3.txt is not a valid file!
﻿15:56:27 : Config Error : BeCustomBanFiles has no valid files defined!
﻿16:06:07 : Admin file contains a error. guid tag is not correct, Location id=0
﻿16:06:07 : Config Error : BeCustomBanFiles : Bans1.txt is not a valid file!
﻿16:06:07 : Config Error : BeCustomBanFiles : file2.txt is not a valid file!
﻿16:06:07 : Config Error : BeCustomBanFiles : file3.txt is not a valid file!
﻿16:06:07 : Config Error : BeCustomBanFiles has no valid files defined!
﻿16:40:41 : Admin file contains a error. guid tag is not correct, Location id=0
﻿16:40:41 : Config Error : BeCustomBanFiles : Bans1.txt is not a valid file!
﻿16:40:41 : Config Error : BeCustomBanFiles : file2.txt is not a valid file!
﻿16:40:41 : Config Error : BeCustomBanFiles : file3.txt is not a valid file!
﻿16:40:41 : Config Error : BeCustomBanFiles has no valid files defined!
﻿16:54:34 : Admin file contains a error. guid tag is not correct, Location id=0
﻿16:54:34 : Config Error : BeCustomBanFiles : Bans1.txt is not a valid file!
﻿16:54:34 : Config Error : BeCustomBanFiles : file2.txt is not a valid file!
﻿16:54:34 : Config Error : BeCustomBanFiles : file3.txt is not a valid file!
﻿16:54:34 : Config Error : BeCustomBanFiles has no valid files defined!
﻿17:17:23 : Admin file contains a error. guid tag is not correct, Location id=0
﻿17:17:23 : Config Error : BeCustomBanFiles : Bans1.txt is not a valid file!
﻿17:17:23 : Config Error : BeCustomBanFiles : file2.txt is not a valid file!
﻿17:17:23 : Config Error : BeCustomBanFiles : file3.txt is not a valid file!
﻿17:17:23 : Config Error : BeCustomBanFiles has no valid files defined!
﻿17:49:24 : Admin file contains a error. guid tag is not correct, Location id=0
﻿17:49:24 : Config Error : BeCustomBanFiles : Bans1.txt is not a valid file!
﻿17:49:24 : Config Error : BeCustomBanFiles : file2.txt is not a valid file!
﻿17:49:24 : Config Error : BeCustomBanFiles : file3.txt is not a valid file!
﻿17:49:24 : Config Error : BeCustomBanFiles has no valid files defined!
﻿19:16:37 : Admin file contains a error. guid tag is not correct, Location id=0
﻿19:16:37 : Config Error : BeCustomBanFiles : Bans1.txt is not a valid file!
﻿19:16:37 : Config Error : BeCustomBanFiles : file2.txt is not a valid file!
﻿19:16:37 : Config Error : BeCustomBanFiles : file3.txt is not a valid file!
﻿19:16:37 : Config Error : BeCustomBanFiles has no valid files defined!
﻿21:02:06 : Admin file contains a error. guid tag is not correct, Location id=0
﻿21:02:05 : Config Error : BeCustomBanFiles : Bans1.txt is not a valid file!
﻿21:02:05 : Config Error : BeCustomBanFiles : file2.txt is not a valid file!
﻿21:02:05 : Config Error : BeCustomBanFiles : file3.txt is not a valid file!
﻿21:02:05 : Config Error : BeCustomBanFiles has no valid files defined!
﻿22:03:42 : Admin file contains a error. guid tag is not correct, Location id=0
﻿22:03:42 : Config Error : BeCustomBanFiles : Bans1.txt is not a valid file!
﻿22:03:42 : Config Error : BeCustomBanFiles : file2.txt is not a valid file!
﻿22:03:42 : Config Error : BeCustomBanFiles : file3.txt is not a valid file!
﻿22:03:42 : Config Error : BeCustomBanFiles has no valid files defined!
