00:03:31 : Admin file contains a error. guid tag is not correct, Location id=0
﻿00:03:31 : Config Error : BeCustomBanFiles : Bans1.txt is not a valid file!
﻿00:03:31 : Config Error : BeCustomBanFiles : file2.txt is not a valid file!
﻿00:03:31 : Config Error : BeCustomBanFiles : file3.txt is not a valid file!
﻿00:03:31 : Config Error : BeCustomBanFiles has no valid files defined!
﻿00:58:35 : Error in printing chatline
﻿06:05:05 : Admin file contains a error. guid tag is not correct, Location id=0
﻿06:05:05 : Config Error : BeCustomBanFiles : Bans1.txt is not a valid file!
﻿06:05:05 : Config Error : BeCustomBanFiles : file2.txt is not a valid file!
﻿06:05:05 : Config Error : BeCustomBanFiles : file3.txt is not a valid file!
﻿06:05:05 : Config Error : BeCustomBanFiles has no valid files defined!
﻿12:03:31 : Admin file contains a error. guid tag is not correct, Location id=0
﻿12:03:31 : Config Error : BeCustomBanFiles : Bans1.txt is not a valid file!
﻿12:03:31 : Config Error : BeCustomBanFiles : file2.txt is not a valid file!
﻿12:03:31 : Config Error : BeCustomBanFiles : file3.txt is not a valid file!
﻿12:03:31 : Config Error : BeCustomBanFiles has no valid files defined!
﻿18:03:31 : Admin file contains a error. guid tag is not correct, Location id=0
﻿18:03:31 : Config Error : BeCustomBanFiles : Bans1.txt is not a valid file!
﻿18:03:31 : Config Error : BeCustomBanFiles : file2.txt is not a valid file!
﻿18:03:31 : Config Error : BeCustomBanFiles : file3.txt is not a valid file!
﻿18:03:31 : Config Error : BeCustomBanFiles has no valid files defined!
