00:11:24 : Admin file contains a error. guid tag is not correct, Location id=0
﻿00:11:24 : Config Error : BeCustomBanFiles : Bans1.txt is not a valid file!
﻿00:11:24 : Config Error : BeCustomBanFiles : file2.txt is not a valid file!
﻿00:11:24 : Config Error : BeCustomBanFiles : file3.txt is not a valid file!
﻿00:11:24 : Config Error : BeCustomBanFiles has no valid files defined!
﻿02:53:44 : Error in printing chatline
﻿02:54:24 : Error in printing chatline
﻿05:23:12 : Admin file contains a error. guid tag is not correct, Location id=0
﻿05:23:12 : Config Error : BeCustomBanFiles : Bans1.txt is not a valid file!
﻿05:23:12 : Config Error : BeCustomBanFiles : file2.txt is not a valid file!
﻿05:23:12 : Config Error : BeCustomBanFiles : file3.txt is not a valid file!
﻿05:23:12 : Config Error : BeCustomBanFiles has no valid files defined!
﻿05:34:27 : Admin file contains a error. guid tag is not correct, Location id=0
﻿05:34:27 : Config Error : BeCustomBanFiles : Bans1.txt is not a valid file!
﻿05:34:27 : Config Error : BeCustomBanFiles : file2.txt is not a valid file!
﻿05:34:27 : Config Error : BeCustomBanFiles : file3.txt is not a valid file!
﻿05:34:27 : Config Error : BeCustomBanFiles has no valid files defined!
﻿05:48:14 : Admin file contains a error. guid tag is not correct, Location id=0
﻿05:48:14 : Config Error : BeCustomBanFiles : Bans1.txt is not a valid file!
﻿05:48:14 : Config Error : BeCustomBanFiles : file2.txt is not a valid file!
﻿05:48:14 : Config Error : BeCustomBanFiles : file3.txt is not a valid file!
﻿05:48:14 : Config Error : BeCustomBanFiles has no valid files defined!
﻿06:03:31 : Admin file contains a error. guid tag is not correct, Location id=0
﻿06:03:31 : Config Error : BeCustomBanFiles : Bans1.txt is not a valid file!
﻿06:03:31 : Config Error : BeCustomBanFiles : file2.txt is not a valid file!
﻿06:03:31 : Config Error : BeCustomBanFiles : file3.txt is not a valid file!
﻿06:03:31 : Config Error : BeCustomBanFiles has no valid files defined!
﻿12:03:31 : Admin file contains a error. guid tag is not correct, Location id=0
﻿12:03:31 : Config Error : BeCustomBanFiles : Bans1.txt is not a valid file!
﻿12:03:31 : Config Error : BeCustomBanFiles : file2.txt is not a valid file!
﻿12:03:31 : Config Error : BeCustomBanFiles : file3.txt is not a valid file!
﻿12:03:31 : Config Error : BeCustomBanFiles has no valid files defined!
﻿18:03:31 : Admin file contains a error. guid tag is not correct, Location id=0
﻿18:03:31 : Config Error : BeCustomBanFiles : Bans1.txt is not a valid file!
﻿18:03:31 : Config Error : BeCustomBanFiles : file2.txt is not a valid file!
﻿18:03:31 : Config Error : BeCustomBanFiles : file3.txt is not a valid file!
﻿18:03:31 : Config Error : BeCustomBanFiles has no valid files defined!
